ISim log file
Running: F:\Training\Synthesis\Adders\Ripple Carry Adder\Rca_with_FA_modules\ripple_carry_adder_isim_beh.exe -intstyle ise -gui -tclbatch isim.cmd -wdb F:/Training/Synthesis/Adders/Ripple Carry Adder/Rca_with_FA_modules/ripple_carry_adder_isim_beh.wdb 
ISim P.20131013 (signature 0x7708f090)
This is a Full version of ISim.
Time resolution is 1 ps
# onerror resume
# wave add /
# run 1000 ns
Simulator is doing circuit initialization process.
Finished circuit initialization process.
# isim force add /ripple_carry_adder/x 111111001010011 -radix bin
# isim force add /ripple_carry_adder/x 111111001010011 -radix bin
# isim force add /ripple_carry_adder/y 1001000100101111 -radix bin
# isim force add /ripple_carry_adder/y 1001000100101111 -radix bin
# isim force add /ripple_carry_adder/cin 0 -radix bin
# run 1.00us
# isim force add /ripple_carry_adder/x 1111110100101111 -radix bin
# isim force add /ripple_carry_adder/x 1111110100101111 -radix bin
# isim force add /ripple_carry_adder/y 1010101111111111 -radix bin
# isim force add /ripple_carry_adder/y 1010101111111111 -radix bin
# isim force add /ripple_carry_adder/cin 0 -radix bin
# run 1.00us
# isim force add /ripple_carry_adder/x 1100111100101111 -radix bin
# isim force add /ripple_carry_adder/x 1100111100101111 -radix bin
# isim force add /ripple_carry_adder/y 1111110001001111 -radix bin
# isim force add /ripple_carry_adder/y 1111110001001111 -radix bin
# isim force add /ripple_carry_adder/cin 1 -radix bin
# run 1.00us
# isim force add /ripple_carry_adder/x 1110010110101110 -radix bin
# isim force add /ripple_carry_adder/x 1110010110101110 -radix bin
# isim force add /ripple_carry_adder/y 1010010100101001 -radix bin
# isim force add /ripple_carry_adder/y 1010010100101001 -radix bin
# isim force add /ripple_carry_adder/cin 0 -radix bin
# run 1.00us
