Release 14.7 - xst P.20131013 (nt64)
Copyright (c) 1995-2013 Xilinx, Inc.  All rights reserved.
--> Parameter TMPDIR set to xst/projnav.tmp


Total REAL time to Xst completion: 0.00 secs
Total CPU time to Xst completion: 0.10 secs
 
--> Parameter xsthdpdir set to xst


Total REAL time to Xst completion: 0.00 secs
Total CPU time to Xst completion: 0.10 secs
 
--> Reading design: ripple_carry_adder.prj

TABLE OF CONTENTS
  1) Synthesis Options Summary
  2) HDL Compilation
  3) Design Hierarchy Analysis
  4) HDL Analysis
  5) HDL Synthesis
     5.1) HDL Synthesis Report
  6) Advanced HDL Synthesis
     6.1) Advanced HDL Synthesis Report
  7) Low Level Synthesis
  8) Partition Report
  9) Final Report
	9.1) Device utilization summary
	9.2) Partition Resource Summary
	9.3) TIMING REPORT


=========================================================================
*                      Synthesis Options Summary                        *
=========================================================================
---- Source Parameters
Input File Name                    : "ripple_carry_adder.prj"
Input Format                       : mixed
Ignore Synthesis Constraint File   : NO

---- Target Parameters
Output File Name                   : "ripple_carry_adder"
Output Format                      : NGC
Target Device                      : xc3s200-5-pq208

---- Source Options
Top Module Name                    : ripple_carry_adder
Automatic FSM Extraction           : YES
FSM Encoding Algorithm             : Auto
Safe Implementation                : No
FSM Style                          : LUT
RAM Extraction                     : Yes
RAM Style                          : Auto
ROM Extraction                     : Yes
Mux Style                          : Auto
Decoder Extraction                 : YES
Priority Encoder Extraction        : Yes
Shift Register Extraction          : YES
Logical Shifter Extraction         : YES
XOR Collapsing                     : YES
ROM Style                          : Auto
Mux Extraction                     : Yes
Resource Sharing                   : YES
Asynchronous To Synchronous        : NO
Multiplier Style                   : Auto
Automatic Register Balancing       : No

---- Target Options
Add IO Buffers                     : YES
Global Maximum Fanout              : 100000
Add Generic Clock Buffer(BUFG)     : 8
Register Duplication               : YES
Slice Packing                      : YES
Optimize Instantiated Primitives   : NO
Use Clock Enable                   : Yes
Use Synchronous Set                : Yes
Use Synchronous Reset              : Yes
Pack IO Registers into IOBs        : Auto
Equivalent register Removal        : YES

---- General Options
Optimization Goal                  : Speed
Optimization Effort                : 1
Keep Hierarchy                     : No
Netlist Hierarchy                  : As_Optimized
RTL Output                         : Yes
Global Optimization                : AllClockNets
Read Cores                         : YES
Write Timing Constraints           : NO
Cross Clock Analysis               : NO
Hierarchy Separator                : /
Bus Delimiter                      : <>
Case Specifier                     : Maintain
Slice Utilization Ratio            : 100
BRAM Utilization Ratio             : 100
Verilog 2001                       : YES
Auto BRAM Packing                  : NO
Slice Utilization Ratio Delta      : 5

=========================================================================


=========================================================================
*                          HDL Compilation                              *
=========================================================================
WARNING:HDLParsers:3607 - Unit work/ripple_carry_adder is now defined in a different file.  It was defined in "F:/VHDL/Adders/Ripple Carry Adder/Rca_with_FA_modules/Rca.vhd", and is now defined in "F:/Training/Synthesis/Adders/Ripple Carry Adder/Rca_with_FA_modules/Rca.vhd".
WARNING:HDLParsers:3607 - Unit work/ripple_carry_adder/rca is now defined in a different file.  It was defined in "F:/VHDL/Adders/Ripple Carry Adder/Rca_with_FA_modules/Rca.vhd", and is now defined in "F:/Training/Synthesis/Adders/Ripple Carry Adder/Rca_with_FA_modules/Rca.vhd".
WARNING:HDLParsers:3607 - Unit work/full_adder is now defined in a different file.  It was defined in "F:/VHDL/Adders/Ripple Carry Adder/Rca_with_FA_modules/Full_Adder.vhd", and is now defined in "F:/Training/Synthesis/Adders/Ripple Carry Adder/Rca_with_FA_modules/Full_Adder.vhd".
WARNING:HDLParsers:3607 - Unit work/full_adder/add is now defined in a different file.  It was defined in "F:/VHDL/Adders/Ripple Carry Adder/Rca_with_FA_modules/Full_Adder.vhd", and is now defined in "F:/Training/Synthesis/Adders/Ripple Carry Adder/Rca_with_FA_modules/Full_Adder.vhd".
Compiling vhdl file "F:/Training/Synthesis/Adders/Ripple Carry Adder/Rca_with_FA_modules/Full_Adder.vhd" in Library work.
Architecture add of Entity full_adder is up to date.
Compiling vhdl file "F:/Training/Synthesis/Adders/Ripple Carry Adder/Rca_with_FA_modules/Rca.vhd" in Library work.
Architecture rca of Entity ripple_carry_adder is up to date.

=========================================================================
*                     Design Hierarchy Analysis                         *
=========================================================================
Analyzing hierarchy for entity <ripple_carry_adder> in library <work> (architecture <rca>).

Analyzing hierarchy for entity <full_adder> in library <work> (architecture <add>).


=========================================================================
*                            HDL Analysis                               *
=========================================================================
Analyzing Entity <ripple_carry_adder> in library <work> (Architecture <rca>).
Entity <ripple_carry_adder> analyzed. Unit <ripple_carry_adder> generated.

Analyzing Entity <full_adder> in library <work> (Architecture <add>).
Entity <full_adder> analyzed. Unit <full_adder> generated.


=========================================================================
*                           HDL Synthesis                               *
=========================================================================

Performing bidirectional port resolution...

Synthesizing Unit <full_adder>.
    Related source file is "F:/Training/Synthesis/Adders/Ripple Carry Adder/Rca_with_FA_modules/Full_Adder.vhd".
    Found 1-bit xor2 for signal <sum>.
    Found 1-bit xor2 for signal <cout$xor0000> created at line 19.
Unit <full_adder> synthesized.


Synthesizing Unit <ripple_carry_adder>.
    Related source file is "F:/Training/Synthesis/Adders/Ripple Carry Adder/Rca_with_FA_modules/Rca.vhd".
Unit <ripple_carry_adder> synthesized.


=========================================================================
HDL Synthesis Report

Macro Statistics
# Xors                                                 : 32
 1-bit xor2                                            : 32

=========================================================================

=========================================================================
*                       Advanced HDL Synthesis                          *
=========================================================================


=========================================================================
Advanced HDL Synthesis Report

Macro Statistics
# Xors                                                 : 32
 1-bit xor2                                            : 32

=========================================================================

=========================================================================
*                         Low Level Synthesis                           *
=========================================================================

Optimizing unit <ripple_carry_adder> ...

Mapping all equations...
Building and optimizing final netlist ...
Found area constraint ratio of 100 (+ 5) on block ripple_carry_adder, actual ratio is 0.

Final Macro Processing ...

=========================================================================
Final Register Report

Found no macro
=========================================================================

=========================================================================
*                           Partition Report                            *
=========================================================================

Partition Implementation Status
-------------------------------

  No Partitions were found in this design.

-------------------------------

=========================================================================
*                            Final Report                               *
=========================================================================
Final Results
RTL Top Level Output File Name     : ripple_carry_adder.ngr
Top Level Output File Name         : ripple_carry_adder
Output Format                      : NGC
Optimization Goal                  : Speed
Keep Hierarchy                     : No

Design Statistics
# IOs                              : 50

Cell Usage :
# BELS                             : 32
#      LUT3                        : 32
# IO Buffers                       : 50
#      IBUF                        : 33
#      OBUF                        : 17
=========================================================================

Device utilization summary:
---------------------------

Selected Device : 3s200pq208-5 

 Number of Slices:                       18  out of   1920     0%  
 Number of 4 input LUTs:                 32  out of   3840     0%  
 Number of IOs:                          50
 Number of bonded IOBs:                  50  out of    141    35%  

---------------------------
Partition Resource Summary:
---------------------------

  No Partitions were found in this design.

---------------------------


=========================================================================
TIMING REPORT

NOTE: THESE TIMING NUMBERS ARE ONLY A SYNTHESIS ESTIMATE.
      FOR ACCURATE TIMING INFORMATION PLEASE REFER TO THE TRACE REPORT
      GENERATED AFTER PLACE-and-ROUTE.

Clock Information:
------------------
No clock signals found in this design

Asynchronous Control Signals Information:
----------------------------------------
No asynchronous control signals found in this design

Timing Summary:
---------------
Speed Grade: -5

   Minimum period: No path found
   Minimum input arrival time before clock: No path found
   Maximum output required time after clock: No path found
   Maximum combinational path delay: 27.312ns

Timing Detail:
--------------
All values displayed in nanoseconds (ns)

=========================================================================
Timing constraint: Default path analysis
  Total number of paths / destination ports: 321 / 17
-------------------------------------------------------------------------
Delay:               27.312ns (Levels of Logic = 18)
  Source:            X<0> (PAD)
  Destination:       Sum<15> (PAD)

  Data Path: X<0> to Sum<15>
                                Gate     Net
    Cell:in->out      fanout   Delay   Delay  Logical Name (Net Name)
    ----------------------------------------  ------------
     IBUF:I->O             2   0.715   1.040  X_0_IBUF (X_0_IBUF)
     LUT3:I0->O            2   0.479   0.804  fa000/cout1 (c<0>)
     LUT3:I2->O            2   0.479   0.804  fa001/cout1 (c<1>)
     LUT3:I2->O            2   0.479   0.804  fa002/cout1 (c<2>)
     LUT3:I2->O            2   0.479   0.804  fa003/cout1 (c<3>)
     LUT3:I2->O            2   0.479   0.804  fa004/cout1 (c<4>)
     LUT3:I2->O            2   0.479   0.804  fa005/cout1 (c<5>)
     LUT3:I2->O            2   0.479   0.804  fa006/cout1 (c<6>)
     LUT3:I2->O            2   0.479   0.804  fa007/cout1 (c<7>)
     LUT3:I2->O            2   0.479   0.804  fa008/cout1 (c<8>)
     LUT3:I2->O            2   0.479   0.804  fa009/cout1 (c<9>)
     LUT3:I2->O            2   0.479   0.804  fa010/cout1 (c<10>)
     LUT3:I2->O            2   0.479   0.804  fa011/cout1 (c<11>)
     LUT3:I2->O            2   0.479   0.804  fa012/cout1 (c<12>)
     LUT3:I2->O            2   0.479   0.804  fa013/cout1 (c<13>)
     LUT3:I2->O            2   0.479   1.040  fa014/cout1 (c<14>)
     LUT3:I0->O            1   0.479   0.681  fa015/Mxor_sum_Result1 (Sum_15_OBUF)
     OBUF:I->O                 4.909          Sum_15_OBUF (Sum<15>)
    ----------------------------------------
    Total                     27.312ns (13.288ns logic, 14.024ns route)
                                       (48.7% logic, 51.3% route)

=========================================================================


Total REAL time to Xst completion: 5.00 secs
Total CPU time to Xst completion: 5.54 secs
 
--> 

Total memory usage is 310052 kilobytes

Number of errors   :    0 (   0 filtered)
Number of warnings :    4 (   0 filtered)
Number of infos    :    0 (   0 filtered)

