Release 14.7 - xst P.20131013 (nt64)
Copyright (c) 1995-2013 Xilinx, Inc.  All rights reserved.
--> Parameter TMPDIR set to xst/projnav.tmp


Total REAL time to Xst completion: 0.00 secs
Total CPU time to Xst completion: 0.12 secs
 
--> Parameter xsthdpdir set to xst


Total REAL time to Xst completion: 0.00 secs
Total CPU time to Xst completion: 0.12 secs
 
--> Reading design: u_mod.prj

TABLE OF CONTENTS
  1) Synthesis Options Summary
  2) HDL Compilation
  3) Design Hierarchy Analysis
  4) HDL Analysis
  5) HDL Synthesis
     5.1) HDL Synthesis Report
  6) Advanced HDL Synthesis
     6.1) Advanced HDL Synthesis Report
  7) Low Level Synthesis
  8) Partition Report
  9) Final Report
	9.1) Device utilization summary
	9.2) Partition Resource Summary
	9.3) TIMING REPORT


=========================================================================
*                      Synthesis Options Summary                        *
=========================================================================
---- Source Parameters
Input File Name                    : "u_mod.prj"
Input Format                       : mixed
Ignore Synthesis Constraint File   : NO

---- Target Parameters
Output File Name                   : "u_mod"
Output Format                      : NGC
Target Device                      : xc3s200-5-pq208

---- Source Options
Top Module Name                    : u_mod
Automatic FSM Extraction           : YES
FSM Encoding Algorithm             : Auto
Safe Implementation                : No
FSM Style                          : LUT
RAM Extraction                     : Yes
RAM Style                          : Auto
ROM Extraction                     : Yes
Mux Style                          : Auto
Decoder Extraction                 : YES
Priority Encoder Extraction        : Yes
Shift Register Extraction          : YES
Logical Shifter Extraction         : YES
XOR Collapsing                     : YES
ROM Style                          : Auto
Mux Extraction                     : Yes
Resource Sharing                   : YES
Asynchronous To Synchronous        : NO
Multiplier Style                   : Auto
Automatic Register Balancing       : No

---- Target Options
Add IO Buffers                     : YES
Global Maximum Fanout              : 100000
Add Generic Clock Buffer(BUFG)     : 8
Register Duplication               : YES
Slice Packing                      : YES
Optimize Instantiated Primitives   : NO
Use Clock Enable                   : Yes
Use Synchronous Set                : Yes
Use Synchronous Reset              : Yes
Pack IO Registers into IOBs        : Auto
Equivalent register Removal        : YES

---- General Options
Optimization Goal                  : Speed
Optimization Effort                : 1
Keep Hierarchy                     : No
Netlist Hierarchy                  : As_Optimized
RTL Output                         : Yes
Global Optimization                : AllClockNets
Read Cores                         : YES
Write Timing Constraints           : NO
Cross Clock Analysis               : NO
Hierarchy Separator                : /
Bus Delimiter                      : <>
Case Specifier                     : Maintain
Slice Utilization Ratio            : 100
BRAM Utilization Ratio             : 100
Verilog 2001                       : YES
Auto BRAM Packing                  : NO
Slice Utilization Ratio Delta      : 5

=========================================================================


=========================================================================
*                          HDL Compilation                              *
=========================================================================
WARNING:HDLParsers:3607 - Unit work/u_mod is now defined in a different file.  It was defined in "G:/Project/VHDL/Workplace/Adders/Raw/Cska/cska16_supercascaded/Super_Module.vhd", and is now defined in "F:/Training/Synthesis/Adders/Carry Skip Adder/cska16_supercascaded/Super_Module.vhd".
WARNING:HDLParsers:3607 - Unit work/top_mod is now defined in a different file.  It was defined in "G:/Project/VHDL/Workplace/Adders/Raw/Cska/cska16_supercascaded/Top_Module.vhd", and is now defined in "F:/Training/Synthesis/Adders/Carry Skip Adder/cska16_supercascaded/Top_Module.vhd".
WARNING:HDLParsers:3607 - Unit work/top_mod/cska_logic is now defined in a different file.  It was defined in "G:/Project/VHDL/Workplace/Adders/Raw/Cska/cska16_supercascaded/Top_Module.vhd", and is now defined in "F:/Training/Synthesis/Adders/Carry Skip Adder/cska16_supercascaded/Top_Module.vhd".
WARNING:HDLParsers:3607 - Unit work/carry_skip_adder is now defined in a different file.  It was defined in "G:/Project/VHDL/Workplace/Adders/Raw/Cska/cska16_supercascaded/Cska.vhd", and is now defined in "F:/Training/Synthesis/Adders/Carry Skip Adder/cska16_supercascaded/Cska.vhd".
WARNING:HDLParsers:3607 - Unit work/carry_skip_adder/cska is now defined in a different file.  It was defined in "G:/Project/VHDL/Workplace/Adders/Raw/Cska/cska16_supercascaded/Cska.vhd", and is now defined in "F:/Training/Synthesis/Adders/Carry Skip Adder/cska16_supercascaded/Cska.vhd".
WARNING:HDLParsers:3607 - Unit work/multiplexer is now defined in a different file.  It was defined in "G:/Project/VHDL/Workplace/Adders/Raw/Cska/cska16_supercascaded/Multiplexer.vhd", and is now defined in "F:/Training/Synthesis/Adders/Carry Skip Adder/cska16_supercascaded/Multiplexer.vhd".
WARNING:HDLParsers:3607 - Unit work/multiplexer/selection is now defined in a different file.  It was defined in "G:/Project/VHDL/Workplace/Adders/Raw/Cska/cska16_supercascaded/Multiplexer.vhd", and is now defined in "F:/Training/Synthesis/Adders/Carry Skip Adder/cska16_supercascaded/Multiplexer.vhd".
WARNING:HDLParsers:3607 - Unit work/full_adder is now defined in a different file.  It was defined in "G:/Project/VHDL/Workplace/Adders/Raw/Cska/cska16_supercascaded/remote_sources/_/_/csla/Csla/Full_Adder.vhd", and is now defined in "F:/Training/Synthesis/Adders/Carry Skip Adder/cska16_supercascaded/remote_sources/_/_/csla/Csla/Full_Adder.vhd".
WARNING:HDLParsers:3607 - Unit work/full_adder/add is now defined in a different file.  It was defined in "G:/Project/VHDL/Workplace/Adders/Raw/Cska/cska16_supercascaded/remote_sources/_/_/csla/Csla/Full_Adder.vhd", and is now defined in "F:/Training/Synthesis/Adders/Carry Skip Adder/cska16_supercascaded/remote_sources/_/_/csla/Csla/Full_Adder.vhd".
Compiling vhdl file "F:/Training/Synthesis/Adders/Carry Skip Adder/cska16_supercascaded/remote_sources/_/_/csla/Csla/Full_Adder.vhd" in Library work.
Architecture add of Entity full_adder is up to date.
Compiling vhdl file "F:/Training/Synthesis/Adders/Carry Skip Adder/cska16_supercascaded/Multiplexer.vhd" in Library work.
Architecture selection of Entity multiplexer is up to date.
Compiling vhdl file "F:/Training/Synthesis/Adders/Carry Skip Adder/cska16_supercascaded/Cska.vhd" in Library work.
Architecture cska of Entity carry_skip_adder is up to date.
Compiling vhdl file "F:/Training/Synthesis/Adders/Carry Skip Adder/cska16_supercascaded/Top_Module.vhd" in Library work.
Architecture cska_logic of Entity top_mod is up to date.
Compiling vhdl file "F:/Training/Synthesis/Adders/Carry Skip Adder/cska16_supercascaded/Super_Module.vhd" in Library work.
Entity <u_mod> compiled.
Entity <u_mod> (Architecture <ultra>) compiled.

=========================================================================
*                     Design Hierarchy Analysis                         *
=========================================================================
Analyzing hierarchy for entity <u_mod> in library <work> (architecture <ultra>).

Analyzing hierarchy for entity <top_mod> in library <work> (architecture <cska_logic>).

Analyzing hierarchy for entity <carry_skip_adder> in library <work> (architecture <cska>).

Analyzing hierarchy for entity <full_adder> in library <work> (architecture <add>).

Analyzing hierarchy for entity <multiplexer> in library <work> (architecture <selection>).


=========================================================================
*                            HDL Analysis                               *
=========================================================================
Analyzing Entity <u_mod> in library <work> (Architecture <ultra>).
Entity <u_mod> analyzed. Unit <u_mod> generated.

Analyzing Entity <top_mod> in library <work> (Architecture <cska_logic>).
Entity <top_mod> analyzed. Unit <top_mod> generated.

Analyzing Entity <carry_skip_adder> in library <work> (Architecture <cska>).
Entity <carry_skip_adder> analyzed. Unit <carry_skip_adder> generated.

Analyzing Entity <full_adder> in library <work> (Architecture <add>).
Entity <full_adder> analyzed. Unit <full_adder> generated.

Analyzing Entity <multiplexer> in library <work> (Architecture <selection>).
Entity <multiplexer> analyzed. Unit <multiplexer> generated.


=========================================================================
*                           HDL Synthesis                               *
=========================================================================

Performing bidirectional port resolution...

Synthesizing Unit <full_adder>.
    Related source file is "F:/Training/Synthesis/Adders/Carry Skip Adder/cska16_supercascaded/remote_sources/_/_/csla/Csla/Full_Adder.vhd".
    Found 1-bit xor2 for signal <sum>.
    Found 1-bit xor2 for signal <p>.
Unit <full_adder> synthesized.


Synthesizing Unit <multiplexer>.
    Related source file is "F:/Training/Synthesis/Adders/Carry Skip Adder/cska16_supercascaded/Multiplexer.vhd".
Unit <multiplexer> synthesized.


Synthesizing Unit <carry_skip_adder>.
    Related source file is "F:/Training/Synthesis/Adders/Carry Skip Adder/cska16_supercascaded/Cska.vhd".
Unit <carry_skip_adder> synthesized.


Synthesizing Unit <top_mod>.
    Related source file is "F:/Training/Synthesis/Adders/Carry Skip Adder/cska16_supercascaded/Top_Module.vhd".
Unit <top_mod> synthesized.


Synthesizing Unit <u_mod>.
    Related source file is "F:/Training/Synthesis/Adders/Carry Skip Adder/cska16_supercascaded/Super_Module.vhd".
Unit <u_mod> synthesized.


=========================================================================
HDL Synthesis Report

Macro Statistics
# Xors                                                 : 32
 1-bit xor2                                            : 32

=========================================================================

=========================================================================
*                       Advanced HDL Synthesis                          *
=========================================================================


=========================================================================
Advanced HDL Synthesis Report

Macro Statistics
# Xors                                                 : 32
 1-bit xor2                                            : 32

=========================================================================

=========================================================================
*                         Low Level Synthesis                           *
=========================================================================

Optimizing unit <u_mod> ...

Mapping all equations...
Building and optimizing final netlist ...
Found area constraint ratio of 100 (+ 5) on block u_mod, actual ratio is 0.

Final Macro Processing ...

=========================================================================
Final Register Report

Found no macro
=========================================================================

=========================================================================
*                           Partition Report                            *
=========================================================================

Partition Implementation Status
-------------------------------

  No Partitions were found in this design.

-------------------------------

=========================================================================
*                            Final Report                               *
=========================================================================
Final Results
RTL Top Level Output File Name     : u_mod.ngr
Top Level Output File Name         : u_mod
Output Format                      : NGC
Optimization Goal                  : Speed
Keep Hierarchy                     : No

Design Statistics
# IOs                              : 50

Cell Usage :
# BELS                             : 32
#      LUT3                        : 32
# IO Buffers                       : 50
#      IBUF                        : 33
#      OBUF                        : 17
=========================================================================

Device utilization summary:
---------------------------

Selected Device : 3s200pq208-5 

 Number of Slices:                       18  out of   1920     0%  
 Number of 4 input LUTs:                 32  out of   3840     0%  
 Number of IOs:                          50
 Number of bonded IOBs:                  50  out of    141    35%  

---------------------------
Partition Resource Summary:
---------------------------

  No Partitions were found in this design.

---------------------------


=========================================================================
TIMING REPORT

NOTE: THESE TIMING NUMBERS ARE ONLY A SYNTHESIS ESTIMATE.
      FOR ACCURATE TIMING INFORMATION PLEASE REFER TO THE TRACE REPORT
      GENERATED AFTER PLACE-and-ROUTE.

Clock Information:
------------------
No clock signals found in this design

Asynchronous Control Signals Information:
----------------------------------------
No asynchronous control signals found in this design

Timing Summary:
---------------
Speed Grade: -5

   Minimum period: No path found
   Minimum input arrival time before clock: No path found
   Maximum output required time after clock: No path found
   Maximum combinational path delay: 27.076ns

Timing Detail:
--------------
All values displayed in nanoseconds (ns)

=========================================================================
Timing constraint: Default path analysis
  Total number of paths / destination ports: 321 / 17
-------------------------------------------------------------------------
Delay:               27.076ns (Levels of Logic = 18)
  Source:            X<0> (PAD)
  Destination:       Cout (PAD)

  Data Path: X<0> to Cout
                                Gate     Net
    Cell:in->out      fanout   Delay   Delay  Logical Name (Net Name)
    ----------------------------------------  ------------
     IBUF:I->O             2   0.715   1.040  X_0_IBUF (X_0_IBUF)
     LUT3:I0->O            2   0.479   0.804  top01/cska01/fa002/Mxor_sum_Result11 (N01)
     LUT3:I2->O            2   0.479   0.804  top01/cska01/muux001/bitout1 (top01/c_int<0>)
     LUT3:I2->O            2   0.479   0.804  top01/cska02/fa002/Mxor_sum_Result11 (N11)
     LUT3:I2->O            2   0.479   0.804  top01/cska02/muux001/bitout1 (top01/c_int<1>)
     LUT3:I2->O            2   0.479   0.804  top01/cska03/fa002/Mxor_sum_Result11 (N2)
     LUT3:I2->O            2   0.479   0.804  top01/cska03/muux001/bitout1 (top01/c_int<2>)
     LUT3:I2->O            2   0.479   0.804  top01/cska04/fa002/Mxor_sum_Result11 (N3)
     LUT3:I2->O            2   0.479   0.804  top01/cska04/muux001/bitout1 (carry<0>)
     LUT3:I2->O            2   0.479   0.804  top02/cska01/fa002/Mxor_sum_Result11 (N4)
     LUT3:I2->O            2   0.479   0.804  top02/cska01/muux001/bitout1 (top02/c_int<0>)
     LUT3:I2->O            2   0.479   0.804  top02/cska02/fa002/Mxor_sum_Result11 (N5)
     LUT3:I2->O            2   0.479   0.804  top02/cska02/muux001/bitout1 (top02/c_int<1>)
     LUT3:I2->O            2   0.479   0.804  top02/cska03/fa002/Mxor_sum_Result11 (N6)
     LUT3:I2->O            2   0.479   0.804  top02/cska03/muux001/bitout1 (top02/c_int<2>)
     LUT3:I2->O            2   0.479   0.804  top02/cska04/fa002/Mxor_sum_Result11 (N7)
     LUT3:I2->O            1   0.479   0.681  top02/cska04/muux001/bitout1 (Cout_OBUF)
     OBUF:I->O                 4.909          Cout_OBUF (Cout)
    ----------------------------------------
    Total                     27.076ns (13.288ns logic, 13.788ns route)
                                       (49.1% logic, 50.9% route)

=========================================================================


Total REAL time to Xst completion: 6.00 secs
Total CPU time to Xst completion: 6.05 secs
 
--> 

Total memory usage is 310096 kilobytes

Number of errors   :    0 (   0 filtered)
Number of warnings :    9 (   0 filtered)
Number of infos    :    0 (   0 filtered)

