Release 14.7 - xst P.20131013 (nt64)
Copyright (c) 1995-2013 Xilinx, Inc.  All rights reserved.
--> Parameter TMPDIR set to xst/projnav.tmp


Total REAL time to Xst completion: 0.00 secs
Total CPU time to Xst completion: 0.10 secs
 
--> Parameter xsthdpdir set to xst


Total REAL time to Xst completion: 0.00 secs
Total CPU time to Xst completion: 0.10 secs
 
--> Reading design: carry_select_adder.prj

TABLE OF CONTENTS
  1) Synthesis Options Summary
  2) HDL Compilation
  3) Design Hierarchy Analysis
  4) HDL Analysis
  5) HDL Synthesis
     5.1) HDL Synthesis Report
  6) Advanced HDL Synthesis
     6.1) Advanced HDL Synthesis Report
  7) Low Level Synthesis
  8) Partition Report
  9) Final Report
	9.1) Device utilization summary
	9.2) Partition Resource Summary
	9.3) TIMING REPORT


=========================================================================
*                      Synthesis Options Summary                        *
=========================================================================
---- Source Parameters
Input File Name                    : "carry_select_adder.prj"
Input Format                       : mixed
Ignore Synthesis Constraint File   : NO

---- Target Parameters
Output File Name                   : "carry_select_adder"
Output Format                      : NGC
Target Device                      : xc3s200-5-pq208

---- Source Options
Top Module Name                    : carry_select_adder
Automatic FSM Extraction           : YES
FSM Encoding Algorithm             : Auto
Safe Implementation                : No
FSM Style                          : LUT
RAM Extraction                     : Yes
RAM Style                          : Auto
ROM Extraction                     : Yes
Mux Style                          : Auto
Decoder Extraction                 : YES
Priority Encoder Extraction        : Yes
Shift Register Extraction          : YES
Logical Shifter Extraction         : YES
XOR Collapsing                     : YES
ROM Style                          : Auto
Mux Extraction                     : Yes
Resource Sharing                   : YES
Asynchronous To Synchronous        : NO
Multiplier Style                   : Auto
Automatic Register Balancing       : No

---- Target Options
Add IO Buffers                     : YES
Global Maximum Fanout              : 100000
Add Generic Clock Buffer(BUFG)     : 8
Register Duplication               : YES
Slice Packing                      : YES
Optimize Instantiated Primitives   : NO
Use Clock Enable                   : Yes
Use Synchronous Set                : Yes
Use Synchronous Reset              : Yes
Pack IO Registers into IOBs        : Auto
Equivalent register Removal        : YES

---- General Options
Optimization Goal                  : Speed
Optimization Effort                : 1
Keep Hierarchy                     : No
Netlist Hierarchy                  : As_Optimized
RTL Output                         : Yes
Global Optimization                : AllClockNets
Read Cores                         : YES
Write Timing Constraints           : NO
Cross Clock Analysis               : NO
Hierarchy Separator                : /
Bus Delimiter                      : <>
Case Specifier                     : Maintain
Slice Utilization Ratio            : 100
BRAM Utilization Ratio             : 100
Verilog 2001                       : YES
Auto BRAM Packing                  : NO
Slice Utilization Ratio Delta      : 5

=========================================================================


=========================================================================
*                          HDL Compilation                              *
=========================================================================
WARNING:HDLParsers:3607 - Unit work/carry_select_adder is now defined in a different file.  It was defined in "F:/VHDL/Adders/Carry Select Adder/Csla_with_modules/Csla.vhd", and is now defined in "F:/Training/Synthesis/Adders/Carry Select Adder/Csla_with_modules/Csla.vhd".
WARNING:HDLParsers:3607 - Unit work/carry_select_adder/csla is now defined in a different file.  It was defined in "F:/VHDL/Adders/Carry Select Adder/Csla_with_modules/Csla.vhd", and is now defined in "F:/Training/Synthesis/Adders/Carry Select Adder/Csla_with_modules/Csla.vhd".
WARNING:HDLParsers:3607 - Unit work/full_adder is now defined in a different file.  It was defined in "F:/VHDL/Adders/Carry Select Adder/Csla_with_modules/Full_Adder.vhd", and is now defined in "F:/Training/Synthesis/Adders/Carry Select Adder/Csla_with_modules/Full_Adder.vhd".
WARNING:HDLParsers:3607 - Unit work/full_adder/add is now defined in a different file.  It was defined in "F:/VHDL/Adders/Carry Select Adder/Csla_with_modules/Full_Adder.vhd", and is now defined in "F:/Training/Synthesis/Adders/Carry Select Adder/Csla_with_modules/Full_Adder.vhd".
WARNING:HDLParsers:3607 - Unit work/multiplexer is now defined in a different file.  It was defined in "F:/VHDL/Adders/Carry Select Adder/Csla_with_modules/Multiplexer.vhd", and is now defined in "F:/Training/Synthesis/Adders/Carry Select Adder/Csla_with_modules/Multiplexer.vhd".
WARNING:HDLParsers:3607 - Unit work/multiplexer/selection is now defined in a different file.  It was defined in "F:/VHDL/Adders/Carry Select Adder/Csla_with_modules/Multiplexer.vhd", and is now defined in "F:/Training/Synthesis/Adders/Carry Select Adder/Csla_with_modules/Multiplexer.vhd".
Compiling vhdl file "F:/Training/Synthesis/Adders/Carry Select Adder/Csla_with_modules/Full_Adder.vhd" in Library work.
Architecture add of Entity full_adder is up to date.
Compiling vhdl file "F:/Training/Synthesis/Adders/Carry Select Adder/Csla_with_modules/Multiplexer.vhd" in Library work.
Architecture selection of Entity multiplexer is up to date.
Compiling vhdl file "F:/Training/Synthesis/Adders/Carry Select Adder/Csla_with_modules/Csla.vhd" in Library work.
Architecture csla of Entity carry_select_adder is up to date.

=========================================================================
*                     Design Hierarchy Analysis                         *
=========================================================================
Analyzing hierarchy for entity <carry_select_adder> in library <work> (architecture <csla>).

Analyzing hierarchy for entity <full_adder> in library <work> (architecture <add>).

Analyzing hierarchy for entity <multiplexer> in library <work> (architecture <selection>).


=========================================================================
*                            HDL Analysis                               *
=========================================================================
Analyzing Entity <carry_select_adder> in library <work> (Architecture <csla>).
Entity <carry_select_adder> analyzed. Unit <carry_select_adder> generated.

Analyzing Entity <full_adder> in library <work> (Architecture <add>).
Entity <full_adder> analyzed. Unit <full_adder> generated.

Analyzing Entity <multiplexer> in library <work> (Architecture <selection>).
Entity <multiplexer> analyzed. Unit <multiplexer> generated.


=========================================================================
*                           HDL Synthesis                               *
=========================================================================

Performing bidirectional port resolution...

Synthesizing Unit <full_adder>.
    Related source file is "F:/Training/Synthesis/Adders/Carry Select Adder/Csla_with_modules/Full_Adder.vhd".
    Found 1-bit xor2 for signal <sum>.
    Found 1-bit xor2 for signal <cout$xor0000> created at line 19.
Unit <full_adder> synthesized.


Synthesizing Unit <multiplexer>.
    Related source file is "F:/Training/Synthesis/Adders/Carry Select Adder/Csla_with_modules/Multiplexer.vhd".
Unit <multiplexer> synthesized.


Synthesizing Unit <carry_select_adder>.
    Related source file is "F:/Training/Synthesis/Adders/Carry Select Adder/Csla_with_modules/Csla.vhd".
Unit <carry_select_adder> synthesized.


=========================================================================
HDL Synthesis Report

Macro Statistics
# Xors                                                 : 64
 1-bit xor2                                            : 64

=========================================================================

=========================================================================
*                       Advanced HDL Synthesis                          *
=========================================================================


=========================================================================
Advanced HDL Synthesis Report

Macro Statistics
# Xors                                                 : 64
 1-bit xor2                                            : 64

=========================================================================

=========================================================================
*                         Low Level Synthesis                           *
=========================================================================

Optimizing unit <carry_select_adder> ...

Mapping all equations...
Building and optimizing final netlist ...
Found area constraint ratio of 100 (+ 5) on block carry_select_adder, actual ratio is 1.

Final Macro Processing ...

=========================================================================
Final Register Report

Found no macro
=========================================================================

=========================================================================
*                           Partition Report                            *
=========================================================================

Partition Implementation Status
-------------------------------

  No Partitions were found in this design.

-------------------------------

=========================================================================
*                            Final Report                               *
=========================================================================
Final Results
RTL Top Level Output File Name     : carry_select_adder.ngr
Top Level Output File Name         : carry_select_adder
Output Format                      : NGC
Optimization Goal                  : Speed
Keep Hierarchy                     : No

Design Statistics
# IOs                              : 50

Cell Usage :
# BELS                             : 70
#      LUT3                        : 25
#      LUT4                        : 34
#      MUXF5                       : 11
# IO Buffers                       : 50
#      IBUF                        : 33
#      OBUF                        : 17
=========================================================================

Device utilization summary:
---------------------------

Selected Device : 3s200pq208-5 

 Number of Slices:                       31  out of   1920     1%  
 Number of 4 input LUTs:                 59  out of   3840     1%  
 Number of IOs:                          50
 Number of bonded IOBs:                  50  out of    141    35%  

---------------------------
Partition Resource Summary:
---------------------------

  No Partitions were found in this design.

---------------------------


=========================================================================
TIMING REPORT

NOTE: THESE TIMING NUMBERS ARE ONLY A SYNTHESIS ESTIMATE.
      FOR ACCURATE TIMING INFORMATION PLEASE REFER TO THE TRACE REPORT
      GENERATED AFTER PLACE-and-ROUTE.

Clock Information:
------------------
No clock signals found in this design

Asynchronous Control Signals Information:
----------------------------------------
No asynchronous control signals found in this design

Timing Summary:
---------------
Speed Grade: -5

   Minimum period: No path found
   Minimum input arrival time before clock: No path found
   Maximum output required time after clock: No path found
   Maximum combinational path delay: 20.104ns

Timing Detail:
--------------
All values displayed in nanoseconds (ns)

=========================================================================
Timing constraint: Default path analysis
  Total number of paths / destination ports: 1717 / 17
-------------------------------------------------------------------------
Delay:               20.104ns (Levels of Logic = 13)
  Source:            X<1> (PAD)
  Destination:       Cout (PAD)

  Data Path: X<1> to Cout
                                Gate     Net
    Cell:in->out      fanout   Delay   Delay  Logical Name (Net Name)
    ----------------------------------------  ------------
     IBUF:I->O             4   0.715   1.074  X_1_IBUF (X_1_IBUF)
     LUT4:I0->O            3   0.479   0.830  fa101/cout1 (carry1<1>)
     LUT4:I2->O            1   0.479   0.000  fa103/cout1 (fa103/cout)
     MUXF5:I1->O           2   0.314   1.040  fa103/cout_f5 (carry1<3>)
     LUT3:I0->O            2   0.479   1.040  fa105/cout (carry1<5>)
     LUT3:I0->O            2   0.479   1.040  fa107/cout (carry1<7>)
     LUT3:I0->O            2   0.479   1.040  fa109/cout (carry1<9>)
     LUT3:I0->O            2   0.479   1.040  fa111/cout (carry1<11>)
     LUT3:I0->O            4   0.479   0.949  fa113/cout (carry1<13>)
     LUT4:I1->O            1   0.479   0.000  mux_sum15/bitout21 (mux_sum15/bitout2)
     MUXF5:I1->O           2   0.314   0.804  mux_sum15/bitout2_f5 (N29)
     LUT3:I2->O            1   0.479   0.681  mux_carry/bitout1 (Cout_OBUF)
     OBUF:I->O                 4.909          Cout_OBUF (Cout)
    ----------------------------------------
    Total                     20.104ns (10.563ns logic, 9.541ns route)
                                       (52.5% logic, 47.5% route)

=========================================================================


Total REAL time to Xst completion: 6.00 secs
Total CPU time to Xst completion: 5.95 secs
 
--> 

Total memory usage is 310132 kilobytes

Number of errors   :    0 (   0 filtered)
Number of warnings :    6 (   0 filtered)
Number of infos    :    0 (   0 filtered)

