ISim log file
Running: F:\Training\Synthesis\Adders\Carry Select Adder\Csla_with_modules\carry_select_adder_isim_beh.exe -intstyle ise -gui -tclbatch isim.cmd -wdb F:/Training/Synthesis/Adders/Carry Select Adder/Csla_with_modules/carry_select_adder_isim_beh.wdb 
ISim P.20131013 (signature 0x7708f090)
This is a Full version of ISim.
Time resolution is 1 ps
# onerror resume
# wave add /
# run 1000 ns
Simulator is doing circuit initialization process.
Finished circuit initialization process.
# isim force add /carry_select_adder/x 1110100111101011 -radix bin
# isim force add /carry_select_adder/y 1000111110100111 -radix bin
# isim force add /carry_select_adder/cin 0 -radix bin
# run 1.00us
# isim force add /carry_select_adder/x 1001010111101110 -radix bin
# isim force add /carry_select_adder/y 1101001111101011 -radix bin
# run 1.00us
# isim force add /carry_select_adder/x 1111001011110011 -radix bin
# show driver /carry_select_adder/y
/carry_select_adder/y has no drivers.
# isim force add /carry_select_adder/y 1110010111111001 -radix bin
# isim force add /carry_select_adder/cin 1 -radix bin
# run 1.00us
# isim force add /carry_select_adder/x 1110100111111101 -radix bin
# isim force add /carry_select_adder/x 1110100111111101 -radix bin
# isim force add /carry_select_adder/y 1110010111101110 -radix bin
# isim force add /carry_select_adder/cin 0 -radix bin
# isim force add /carry_select_adder/cin 0 -radix bin
# run 1.00us
