--------------------------------------------------------------------------------
Release 14.7 Trace  (nt64)
Copyright (c) 1995-2013 Xilinx, Inc.  All rights reserved.

D:\Apps\Xilinx\14.7\ISE_DS\ISE\bin\nt64\unwrapped\trce.exe -intstyle ise -v 3
-s 5 -n 3 -fastpaths -xml carry_save_adder.twx carry_save_adder.ncd -o
carry_save_adder.twr carry_save_adder.pcf

Design file:              carry_save_adder.ncd
Physical constraint file: carry_save_adder.pcf
Device,package,speed:     xc3s200,pq208,-5 (PRODUCTION 1.39 2013-10-13)
Report level:             verbose report

Environment Variable      Effect 
--------------------      ------ 
NONE                      No environment variables were set
--------------------------------------------------------------------------------

INFO:Timing:2698 - No timing constraints found, doing default enumeration.
INFO:Timing:3412 - To improve timing, see the Timing Closure User Guide (UG612).
INFO:Timing:2752 - To get complete path coverage, use the unconstrained paths 
   option. All paths that are not constrained will be reported in the 
   unconstrained paths section(s) of the report.
INFO:Timing:3339 - The clock-to-out numbers in this timing report are based on 
   a 50 Ohm transmission line loading model.  For the details of this model, 
   and for more information on accounting for different loading conditions, 
   please see the device datasheet.
INFO:Timing:3390 - This architecture does not support a default System Jitter 
   value, please add SYSTEM_JITTER constraint to the UCF to modify the Clock 
   Uncertainty calculation.
INFO:Timing:3389 - This architecture does not support 'Discrete Jitter' and 
   'Phase Error' calculations, these terms will be zero in the Clock 
   Uncertainty calculation.  Please make appropriate modification to 
   SYSTEM_JITTER to account for the unsupported Discrete Jitter and Phase 
   Error.



Data Sheet report:
-----------------
All values displayed in nanoseconds (ns)

Pad to Pad
---------------+---------------+---------+
Source Pad     |Destination Pad|  Delay  |
---------------+---------------+---------+
x<0>           |Cout           |   10.671|
x<0>           |Sum<0>         |    7.907|
x<0>           |Sum<1>         |    8.634|
x<0>           |Sum<2>         |   10.124|
x<0>           |Sum<3>         |   10.037|
x<1>           |Cout           |    9.972|
x<1>           |Sum<1>         |    7.621|
x<1>           |Sum<2>         |    9.197|
x<1>           |Sum<3>         |    9.040|
x<2>           |Cout           |    9.751|
x<2>           |Sum<2>         |    8.336|
x<2>           |Sum<3>         |    9.157|
x<3>           |Cout           |    7.953|
x<3>           |Sum<3>         |    9.033|
y<0>           |Cout           |   10.187|
y<0>           |Sum<0>         |    7.696|
y<0>           |Sum<1>         |    8.150|
y<0>           |Sum<2>         |    9.640|
y<0>           |Sum<3>         |    9.553|
y<1>           |Cout           |    9.483|
y<1>           |Sum<1>         |    7.807|
y<1>           |Sum<2>         |    8.936|
y<1>           |Sum<3>         |    8.849|
y<2>           |Cout           |    9.665|
y<2>           |Sum<2>         |    8.250|
y<2>           |Sum<3>         |    9.065|
y<3>           |Cout           |    7.476|
y<3>           |Sum<3>         |    8.982|
z<0>           |Cout           |   11.184|
z<0>           |Sum<0>         |    8.310|
z<0>           |Sum<1>         |    9.147|
z<0>           |Sum<2>         |   10.637|
z<0>           |Sum<3>         |   10.550|
z<1>           |Cout           |    9.561|
z<1>           |Sum<1>         |    7.496|
z<1>           |Sum<2>         |    8.786|
z<1>           |Sum<3>         |    8.620|
z<2>           |Cout           |    9.918|
z<2>           |Sum<2>         |    8.503|
z<2>           |Sum<3>         |    9.353|
z<3>           |Cout           |    8.073|
z<3>           |Sum<3>         |    8.840|
---------------+---------------+---------+


Analysis completed Fri Jul 08 23:27:25 2016 
--------------------------------------------------------------------------------

Trace Settings:
-------------------------
Trace Settings 

Peak Memory Usage: 160 MB



