ISim log file
Running: F:\Training\Synthesis\Adders\Carry Save Adder\Csa_with_fa_modules\carry_save_adder_isim_beh.exe -intstyle ise -gui -tclbatch isim.cmd -wdb F:/Training/Synthesis/Adders/Carry Save Adder/Csa_with_fa_modules/carry_save_adder_isim_beh.wdb 
ISim P.20131013 (signature 0x7708f090)
This is a Full version of ISim.
Time resolution is 1 ps
# onerror resume
# wave add /
# run 1000 ns
Simulator is doing circuit initialization process.
Finished circuit initialization process.
# isim force add /carry_save_adder/x 1010 -radix bin
# isim force add /carry_save_adder/y 1100 -radix bin
# isim force add /carry_save_adder/z 1001 -radix bin
# run 1.00us
# isim force add /carry_save_adder/x 0000 -radix bin
# isim force add /carry_save_adder/y 1100 -radix bin
# isim force add /carry_save_adder/z 0001 -radix bin
# run 1.00us
# isim force add /carry_save_adder/x 1110 -radix bin
# isim force add /carry_save_adder/y 0100 -radix bin
# isim force add /carry_save_adder/z 1001 -radix bin
# run 1.00us
# isim force add /carry_save_adder/x 1110 -radix bin
# isim force add /carry_save_adder/y 1100 -radix bin
# isim force add /carry_save_adder/z 0001 -radix bin
# run 1.00us
