Release 14.7 - xst P.20131013 (nt64)
Copyright (c) 1995-2013 Xilinx, Inc.  All rights reserved.
--> Parameter TMPDIR set to xst/projnav.tmp


Total REAL time to Xst completion: 1.00 secs
Total CPU time to Xst completion: 0.10 secs
 
--> Parameter xsthdpdir set to xst


Total REAL time to Xst completion: 1.00 secs
Total CPU time to Xst completion: 0.10 secs
 
--> Reading design: carry_select_adder.prj

TABLE OF CONTENTS
  1) Synthesis Options Summary
  2) HDL Parsing
  3) HDL Elaboration
  4) HDL Synthesis
       4.1) HDL Synthesis Report
  5) Advanced HDL Synthesis
       5.1) Advanced HDL Synthesis Report
  6) Low Level Synthesis
  7) Partition Report
  8) Design Summary
       8.1) Primitive and Black Box Usage
       8.2) Device utilization summary
       8.3) Partition Resource Summary
       8.4) Timing Report
            8.4.1) Clock Information
            8.4.2) Asynchronous Control Signals Information
            8.4.3) Timing Summary
            8.4.4) Timing Details
            8.4.5) Cross Clock Domains Report


=========================================================================
*                      Synthesis Options Summary                        *
=========================================================================
---- Source Parameters
Input File Name                    : "carry_select_adder.prj"
Ignore Synthesis Constraint File   : NO

---- Target Parameters
Output File Name                   : "carry_select_adder"
Output Format                      : NGC
Target Device                      : xc7vx330t-3-ffg1157

---- Source Options
Top Module Name                    : carry_select_adder
Automatic FSM Extraction           : YES
FSM Encoding Algorithm             : Auto
Safe Implementation                : No
FSM Style                          : LUT
RAM Extraction                     : Yes
RAM Style                          : Auto
ROM Extraction                     : Yes
Shift Register Extraction          : YES
ROM Style                          : Auto
Resource Sharing                   : YES
Asynchronous To Synchronous        : NO
Shift Register Minimum Size        : 2
Use DSP Block                      : Auto
Automatic Register Balancing       : No

---- Target Options
LUT Combining                      : Auto
Reduce Control Sets                : Auto
Add IO Buffers                     : YES
Global Maximum Fanout              : 100000
Add Generic Clock Buffer(BUFG)     : 32
Register Duplication               : YES
Optimize Instantiated Primitives   : NO
Use Clock Enable                   : Auto
Use Synchronous Set                : Auto
Use Synchronous Reset              : Auto
Pack IO Registers into IOBs        : Auto
Equivalent register Removal        : YES

---- General Options
Optimization Goal                  : Speed
Optimization Effort                : 1
Power Reduction                    : NO
Keep Hierarchy                     : No
Netlist Hierarchy                  : As_Optimized
RTL Output                         : Yes
Global Optimization                : AllClockNets
Read Cores                         : YES
Write Timing Constraints           : NO
Cross Clock Analysis               : NO
Hierarchy Separator                : /
Bus Delimiter                      : <>
Case Specifier                     : Maintain
Slice Utilization Ratio            : 100
BRAM Utilization Ratio             : 100
DSP48 Utilization Ratio            : 100
Auto BRAM Packing                  : NO
Slice Utilization Ratio Delta      : 5

=========================================================================


=========================================================================
*                          HDL Parsing                                  *
=========================================================================
Parsing VHDL file "F:\Training\Synthesis - Copy\Adders\Carry Select Adder\Csla_with_modules\Multiplexer.vhd" into library work
Parsing entity <multiplexer>.
Parsing architecture <selection> of entity <multiplexer>.
Parsing VHDL file "F:\Training\Synthesis - Copy\Adders\Carry Select Adder\Csla_with_modules\Full_Adder.vhd" into library work
Parsing entity <full_adder>.
Parsing architecture <add> of entity <full_adder>.
Parsing VHDL file "F:\Training\Synthesis - Copy\Adders\Carry Select Adder\Csla_with_modules\Csla.vhd" into library work
Parsing entity <carry_select_adder>.
Parsing architecture <csla> of entity <carry_select_adder>.

=========================================================================
*                            HDL Elaboration                            *
=========================================================================

Elaborating entity <carry_select_adder> (architecture <csla>) from library <work>.

Elaborating entity <full_adder> (architecture <add>) from library <work>.

Elaborating entity <multiplexer> (architecture <selection>) from library <work>.

=========================================================================
*                           HDL Synthesis                               *
=========================================================================

Synthesizing Unit <carry_select_adder>.
    Related source file is "F:\Training\Synthesis - Copy\Adders\Carry Select Adder\Csla_with_modules\Csla.vhd".
    Summary:
	no macro.
Unit <carry_select_adder> synthesized.

Synthesizing Unit <full_adder>.
    Related source file is "F:\Training\Synthesis - Copy\Adders\Carry Select Adder\Csla_with_modules\Full_Adder.vhd".
    Summary:
Unit <full_adder> synthesized.

Synthesizing Unit <multiplexer>.
    Related source file is "F:\Training\Synthesis - Copy\Adders\Carry Select Adder\Csla_with_modules\Multiplexer.vhd".
    Summary:
	inferred   1 Multiplexer(s).
Unit <multiplexer> synthesized.

=========================================================================
HDL Synthesis Report

Macro Statistics
# Multiplexers                                         : 17
 1-bit 2-to-1 multiplexer                              : 17
# Xors                                                 : 64
 1-bit xor2                                            : 64

=========================================================================

=========================================================================
*                       Advanced HDL Synthesis                          *
=========================================================================


=========================================================================
Advanced HDL Synthesis Report

Macro Statistics
# Xors                                                 : 64
 1-bit xor2                                            : 64

=========================================================================

=========================================================================
*                         Low Level Synthesis                           *
=========================================================================

Optimizing unit <carry_select_adder> ...

Mapping all equations...
Building and optimizing final netlist ...
Found area constraint ratio of 100 (+ 5) on block carry_select_adder, actual ratio is 0.

Final Macro Processing ...

=========================================================================
Final Register Report

Found no macro
=========================================================================

=========================================================================
*                           Partition Report                            *
=========================================================================

Partition Implementation Status
-------------------------------

  No Partitions were found in this design.

-------------------------------

=========================================================================
*                            Design Summary                             *
=========================================================================

Top Level Output File Name         : carry_select_adder.ngc

Primitive and Black Box Usage:
------------------------------
# BELS                             : 42
#      LUT2                        : 10
#      LUT3                        : 4
#      LUT5                        : 16
#      LUT6                        : 12
# IO Buffers                       : 50
#      IBUF                        : 33
#      OBUF                        : 17

Device utilization summary:
---------------------------

Selected Device : 7vx330tffg1157-3 


Slice Logic Utilization: 
 Number of Slice LUTs:                   42  out of  204000     0%  
    Number used as Logic:                42  out of  204000     0%  

Slice Logic Distribution: 
 Number of LUT Flip Flop pairs used:     42
   Number with an unused Flip Flop:      42  out of     42   100%  
   Number with an unused LUT:             0  out of     42     0%  
   Number of fully used LUT-FF pairs:     0  out of     42     0%  
   Number of unique control sets:         0

IO Utilization: 
 Number of IOs:                          50
 Number of bonded IOBs:                  50  out of    600     8%  

Specific Feature Utilization:

---------------------------
Partition Resource Summary:
---------------------------

  No Partitions were found in this design.

---------------------------


=========================================================================
Timing Report

NOTE: THESE TIMING NUMBERS ARE ONLY A SYNTHESIS ESTIMATE.
      FOR ACCURATE TIMING INFORMATION PLEASE REFER TO THE TRACE REPORT
      GENERATED AFTER PLACE-and-ROUTE.

Clock Information:
------------------
No clock signals found in this design

Asynchronous Control Signals Information:
----------------------------------------
No asynchronous control signals found in this design

Timing Summary:
---------------
Speed Grade: -3

   Minimum period: No path found
   Minimum input arrival time before clock: No path found
   Maximum output required time after clock: No path found
   Maximum combinational path delay: 3.795ns

Timing Details:
---------------
All values displayed in nanoseconds (ns)

=========================================================================
Timing constraint: Default path analysis
  Total number of paths / destination ports: 573 / 17
-------------------------------------------------------------------------
Delay:               3.795ns (Levels of Logic = 11)
  Source:            X<2> (PAD)
  Destination:       Sum<15> (PAD)

  Data Path: X<2> to Sum<15>
                                Gate     Net
    Cell:in->out      fanout   Delay   Delay  Logical Name (Net Name)
    ----------------------------------------  ------------
     IBUF:I->O             3   0.000   0.560  X_2_IBUF (X_2_IBUF)
     LUT6:I0->O            3   0.043   0.299  fa002/cout1 (carry0<2>)
     LUT3:I2->O            2   0.043   0.293  fa004/cout21 (fa004/cout2)
     LUT5:I4->O            3   0.043   0.299  fa006/cout31 (fa006/cout3)
     LUT5:I4->O            3   0.043   0.299  fa008/cout31 (fa008/cout3)
     LUT5:I4->O            3   0.043   0.299  fa010/cout31 (fa010/cout3)
     LUT5:I4->O            3   0.043   0.353  fa012/cout31 (fa012/cout3)
     LUT5:I3->O            2   0.043   0.293  mux_sum14/Mmux_bitout111 (mux_sum14/Mmux_bitout111)
     LUT3:I2->O            2   0.043   0.433  mux_sum14/Mmux_bitout112 (mux_sum14/Mmux_bitout11)
     LUT5:I2->O            1   0.043   0.279  mux_sum15/Mmux_bitout11 (Sum_15_OBUF)
     OBUF:I->O                 0.000          Sum_15_OBUF (Sum<15>)
    ----------------------------------------
    Total                      3.795ns (0.387ns logic, 3.408ns route)
                                       (10.2% logic, 89.8% route)

=========================================================================

Cross Clock Domains Report:
--------------------------

=========================================================================


Total REAL time to Xst completion: 12.00 secs
Total CPU time to Xst completion: 11.21 secs
 
--> 

Total memory usage is 413244 kilobytes

Number of errors   :    0 (   0 filtered)
Number of warnings :    0 (   0 filtered)
Number of infos    :    0 (   0 filtered)

