ISim log file
Running: G:\Project\VHDL\Workplace\Wallace_Tree_Multiplier\wallace_isim_beh.exe -intstyle ise -gui -tclbatch isim.cmd -wdb G:/Project/VHDL/Workplace/Wallace_Tree_Multiplier/wallace_isim_beh.wdb 
ISim P.20131013 (signature 0x7708f090)
----------------------------------------------------------------------
INFO:Security:51 - The XILINXD_LICENSE_FILE environment variable is not set.
INFO:Security:53 - The LM_LICENSE_FILE environment variable is not set.
INFO:Security:68a - user is rajat, on host SCL399.
WARNING:Security:43 - No license file was found in the standard Xilinx license directory.
WARNING:Security:44 - Since no license file was found,
       please run the Xilinx License Configuration Manager
       (xlcm or "Manage Xilinx Licenses")
       to assist in obtaining a license.
ERROR:Security:14 - No feature was available for 'ISIM'.

No such feature exists.
Feature:       ISIM
License path:  C:/.Xilinx;C:\Xilinx\14.7\ISE_DS\ISE\/coregen/core_licenses\Xilinx.lic;C:\Xilinx\14.7\ISE_DS\ISE\/coregen/core_licenses\XilinxFree.lic;C:\Xilinx\14.7\ISE_DS\EDK/data/core_licenses\Xilinx.lic;
FLEXnet Licensing error:-5,357
For further information, refer to the FLEXnet Licensing documentation,
available at "www.flexerasoftware.com".
----------------------------------------------------------------------
WARNING: A full ISim License cannot be checked out due to the issues listed above. Please use Xilinx License Configuration Manager to fix these issues in order to check out a full ISim license.
WARNING: ISim will run in Lite mode. Please refer to the ISim documentation for more information on the differences between the Lite and the Full version.
This is a Lite version of ISim.
Time resolution is 1 ps
# onerror resume
# wave add /
# run 1000 ns
Simulator is doing circuit initialization process.
Finished circuit initialization process.
# isim force add /wallace/a 0111 -radix bin
# isim force add /wallace/a 0111 -radix bin
# isim force add /wallace/b 1011 -radix bin
# isim force add /wallace/b 1011 -radix bin
# run 1.00us
# run 1 ps
# run 1 ps
# run 1 ps
# run 1 ps
# run 1 ps
# run 1 ps
# run 1 ps
# run 1 ps
# run 1 ps
# isim force add /wallace/a 9 -radix hex
# isim force add /wallace/a 9 -radix hex
# run 1 ps
# run 1 ps
# isim force add /wallace/a 10 -radix unsigned
# isim force add /wallace/a 10 -radix unsigned
# run 1 ps
# run 1 ps
