Release 14.7 - xst P.20131013 (nt64)
Copyright (c) 1995-2013 Xilinx, Inc.  All rights reserved.
--> Parameter TMPDIR set to xst/projnav.tmp


Total REAL time to Xst completion: 0.00 secs
Total CPU time to Xst completion: 0.11 secs
 
--> Parameter xsthdpdir set to xst


Total REAL time to Xst completion: 0.00 secs
Total CPU time to Xst completion: 0.11 secs
 
--> Reading design: wallace.prj

TABLE OF CONTENTS
  1) Synthesis Options Summary
  2) HDL Compilation
  3) Design Hierarchy Analysis
  4) HDL Analysis
  5) HDL Synthesis
     5.1) HDL Synthesis Report
  6) Advanced HDL Synthesis
     6.1) Advanced HDL Synthesis Report
  7) Low Level Synthesis
  8) Partition Report
  9) Final Report
	9.1) Device utilization summary
	9.2) Partition Resource Summary
	9.3) TIMING REPORT


=========================================================================
*                      Synthesis Options Summary                        *
=========================================================================
---- Source Parameters
Input File Name                    : "wallace.prj"
Input Format                       : mixed
Ignore Synthesis Constraint File   : NO

---- Target Parameters
Output File Name                   : "wallace"
Output Format                      : NGC
Target Device                      : xc3s200-5-pq208

---- Source Options
Top Module Name                    : wallace
Automatic FSM Extraction           : YES
FSM Encoding Algorithm             : Auto
Safe Implementation                : No
FSM Style                          : LUT
RAM Extraction                     : Yes
RAM Style                          : Auto
ROM Extraction                     : Yes
Mux Style                          : Auto
Decoder Extraction                 : YES
Priority Encoder Extraction        : Yes
Shift Register Extraction          : YES
Logical Shifter Extraction         : YES
XOR Collapsing                     : YES
ROM Style                          : Auto
Mux Extraction                     : Yes
Resource Sharing                   : YES
Asynchronous To Synchronous        : NO
Multiplier Style                   : Auto
Automatic Register Balancing       : No

---- Target Options
Add IO Buffers                     : YES
Global Maximum Fanout              : 500
Add Generic Clock Buffer(BUFG)     : 8
Register Duplication               : YES
Slice Packing                      : YES
Optimize Instantiated Primitives   : NO
Use Clock Enable                   : Yes
Use Synchronous Set                : Yes
Use Synchronous Reset              : Yes
Pack IO Registers into IOBs        : Auto
Equivalent register Removal        : YES

---- General Options
Optimization Goal                  : Speed
Optimization Effort                : 1
Keep Hierarchy                     : No
Netlist Hierarchy                  : As_Optimized
RTL Output                         : Yes
Global Optimization                : AllClockNets
Read Cores                         : YES
Write Timing Constraints           : NO
Cross Clock Analysis               : NO
Hierarchy Separator                : /
Bus Delimiter                      : <>
Case Specifier                     : Maintain
Slice Utilization Ratio            : 100
BRAM Utilization Ratio             : 100
Verilog 2001                       : YES
Auto BRAM Packing                  : NO
Slice Utilization Ratio Delta      : 5

=========================================================================


=========================================================================
*                          HDL Compilation                              *
=========================================================================
Compiling vhdl file "F:/VHDL/Multipliers/Wallace_Tree_Multiplier/Half_Adder.vhd" in Library work.
Entity <half_adder> compiled.
Entity <half_adder> (Architecture <add>) compiled.
Compiling vhdl file "F:/VHDL/Multipliers/Wallace_Tree_Multiplier/Full_Adder.vhd" in Library work.
Entity <full_adder> compiled.
Entity <full_adder> (Architecture <add>) compiled.
Compiling vhdl file "F:/VHDL/Multipliers/Wallace_Tree_Multiplier/Wallace_Tree_Multiplier.vhd" in Library work.
Entity <wallace> compiled.
Entity <wallace> (Architecture <multiply>) compiled.

=========================================================================
*                     Design Hierarchy Analysis                         *
=========================================================================
Analyzing hierarchy for entity <wallace> in library <work> (architecture <multiply>).

Analyzing hierarchy for entity <half_adder> in library <work> (architecture <add>).

Analyzing hierarchy for entity <full_adder> in library <work> (architecture <add>).


=========================================================================
*                            HDL Analysis                               *
=========================================================================
Analyzing Entity <wallace> in library <work> (Architecture <multiply>).
Entity <wallace> analyzed. Unit <wallace> generated.

Analyzing Entity <half_adder> in library <work> (Architecture <add>).
Entity <half_adder> analyzed. Unit <half_adder> generated.

Analyzing Entity <full_adder> in library <work> (Architecture <add>).
Entity <full_adder> analyzed. Unit <full_adder> generated.


=========================================================================
*                           HDL Synthesis                               *
=========================================================================

Performing bidirectional port resolution...

Synthesizing Unit <half_adder>.
    Related source file is "F:/VHDL/Multipliers/Wallace_Tree_Multiplier/Half_Adder.vhd".
    Found 1-bit xor2 for signal <sum>.
Unit <half_adder> synthesized.


Synthesizing Unit <full_adder>.
    Related source file is "F:/VHDL/Multipliers/Wallace_Tree_Multiplier/Full_Adder.vhd".
    Found 1-bit xor2 for signal <sum>.
    Found 1-bit xor2 for signal <cout$xor0000> created at line 19.
Unit <full_adder> synthesized.


Synthesizing Unit <wallace>.
    Related source file is "F:/VHDL/Multipliers/Wallace_Tree_Multiplier/Wallace_Tree_Multiplier.vhd".
WARNING:Xst:646 - Signal <c37> is assigned but never used. This unconnected signal will be trimmed during the optimization process.
Unit <wallace> synthesized.


=========================================================================
HDL Synthesis Report

Macro Statistics
# Xors                                                 : 22
 1-bit xor2                                            : 22

=========================================================================

=========================================================================
*                       Advanced HDL Synthesis                          *
=========================================================================


=========================================================================
Advanced HDL Synthesis Report

Macro Statistics
# Xors                                                 : 22
 1-bit xor2                                            : 22

=========================================================================

=========================================================================
*                         Low Level Synthesis                           *
=========================================================================

Optimizing unit <wallace> ...

Mapping all equations...
Building and optimizing final netlist ...
Found area constraint ratio of 100 (+ 5) on block wallace, actual ratio is 0.

Final Macro Processing ...

=========================================================================
Final Register Report

Found no macro
=========================================================================

=========================================================================
*                           Partition Report                            *
=========================================================================

Partition Implementation Status
-------------------------------

  No Partitions were found in this design.

-------------------------------

=========================================================================
*                            Final Report                               *
=========================================================================
Final Results
RTL Top Level Output File Name     : wallace.ngr
Top Level Output File Name         : wallace
Output Format                      : NGC
Optimization Goal                  : Speed
Keep Hierarchy                     : No

Design Statistics
# IOs                              : 16

Cell Usage :
# BELS                             : 35
#      LUT2                        : 9
#      LUT3                        : 2
#      LUT4                        : 22
#      MUXF5                       : 2
# IO Buffers                       : 16
#      IBUF                        : 8
#      OBUF                        : 8
=========================================================================

Device utilization summary:
---------------------------

Selected Device : 3s200pq208-5 

 Number of Slices:                       19  out of   1920     0%  
 Number of 4 input LUTs:                 33  out of   3840     0%  
 Number of IOs:                          16
 Number of bonded IOBs:                  16  out of    141    11%  

---------------------------
Partition Resource Summary:
---------------------------

  No Partitions were found in this design.

---------------------------


=========================================================================
TIMING REPORT

NOTE: THESE TIMING NUMBERS ARE ONLY A SYNTHESIS ESTIMATE.
      FOR ACCURATE TIMING INFORMATION PLEASE REFER TO THE TRACE REPORT
      GENERATED AFTER PLACE-and-ROUTE.

Clock Information:
------------------
No clock signals found in this design

Asynchronous Control Signals Information:
----------------------------------------
No asynchronous control signals found in this design

Timing Summary:
---------------
Speed Grade: -5

   Minimum period: No path found
   Minimum input arrival time before clock: No path found
   Maximum output required time after clock: No path found
   Maximum combinational path delay: 15.471ns

Timing Detail:
--------------
All values displayed in nanoseconds (ns)

=========================================================================
Timing constraint: Default path analysis
  Total number of paths / destination ports: 516 / 8
-------------------------------------------------------------------------
Delay:               15.471ns (Levels of Logic = 9)
  Source:            A<0> (PAD)
  Destination:       Product<6> (PAD)

  Data Path: A<0> to Product<6>
                                Gate     Net
    Cell:in->out      fanout   Delay   Delay  Logical Name (Net Name)
    ----------------------------------------  ------------
     IBUF:I->O             6   0.715   1.148  A_0_IBUF (A_0_IBUF)
     LUT2:I0->O            3   0.479   1.066  p2_0_and00001 (p2<0>)
     LUT4:I0->O            3   0.479   0.794  fa12/cout1 (c12)
     LUT4:I3->O            3   0.479   1.066  fa23/cout1 (c23)
     LUT3:I0->O            3   0.479   1.066  fa24/cout1 (c24)
     LUT3:I0->O            4   0.479   0.838  fa25/cout1 (c25)
     LUT4:I2->O            1   0.479   0.000  ha36/Mxor_sum_Result11 (ha36/Mxor_sum_Result1)
     MUXF5:I1->O           1   0.314   0.681  ha36/Mxor_sum_Result1_f5 (Product_6_OBUF)
     OBUF:I->O                 4.909          Product_6_OBUF (Product<6>)
    ----------------------------------------
    Total                     15.471ns (8.812ns logic, 6.659ns route)
                                       (57.0% logic, 43.0% route)

=========================================================================


Total REAL time to Xst completion: 4.00 secs
Total CPU time to Xst completion: 4.02 secs
 
--> 

Total memory usage is 251104 kilobytes

Number of errors   :    0 (   0 filtered)
Number of warnings :    1 (   0 filtered)
Number of infos    :    0 (   0 filtered)

