Release 14.7 - xst P.20131013 (nt64)
Copyright (c) 1995-2013 Xilinx, Inc.  All rights reserved.
--> Parameter TMPDIR set to xst/projnav.tmp


Total REAL time to Xst completion: 0.00 secs
Total CPU time to Xst completion: 0.12 secs
 
--> Parameter xsthdpdir set to xst


Total REAL time to Xst completion: 0.00 secs
Total CPU time to Xst completion: 0.12 secs
 
--> Reading design: top_mod.prj

TABLE OF CONTENTS
  1) Synthesis Options Summary
  2) HDL Compilation
  3) Design Hierarchy Analysis
  4) HDL Analysis
  5) HDL Synthesis
     5.1) HDL Synthesis Report
  6) Advanced HDL Synthesis
     6.1) Advanced HDL Synthesis Report
  7) Low Level Synthesis
  8) Partition Report
  9) Final Report
	9.1) Device utilization summary
	9.2) Partition Resource Summary
	9.3) TIMING REPORT


=========================================================================
*                      Synthesis Options Summary                        *
=========================================================================
---- Source Parameters
Input File Name                    : "top_mod.prj"
Input Format                       : mixed
Ignore Synthesis Constraint File   : NO

---- Target Parameters
Output File Name                   : "top_mod"
Output Format                      : NGC
Target Device                      : xc3s200-5-pq208

---- Source Options
Top Module Name                    : top_mod
Automatic FSM Extraction           : YES
FSM Encoding Algorithm             : Auto
Safe Implementation                : No
FSM Style                          : LUT
RAM Extraction                     : Yes
RAM Style                          : Auto
ROM Extraction                     : Yes
Mux Style                          : Auto
Decoder Extraction                 : YES
Priority Encoder Extraction        : Yes
Shift Register Extraction          : YES
Logical Shifter Extraction         : YES
XOR Collapsing                     : YES
ROM Style                          : Auto
Mux Extraction                     : Yes
Resource Sharing                   : YES
Asynchronous To Synchronous        : NO
Multiplier Style                   : Auto
Automatic Register Balancing       : No

---- Target Options
Add IO Buffers                     : YES
Global Maximum Fanout              : 100000
Add Generic Clock Buffer(BUFG)     : 8
Register Duplication               : YES
Slice Packing                      : YES
Optimize Instantiated Primitives   : NO
Use Clock Enable                   : Yes
Use Synchronous Set                : Yes
Use Synchronous Reset              : Yes
Pack IO Registers into IOBs        : Auto
Equivalent register Removal        : YES

---- General Options
Optimization Goal                  : Speed
Optimization Effort                : 1
Keep Hierarchy                     : No
Netlist Hierarchy                  : As_Optimized
RTL Output                         : Yes
Global Optimization                : AllClockNets
Read Cores                         : YES
Write Timing Constraints           : NO
Cross Clock Analysis               : NO
Hierarchy Separator                : /
Bus Delimiter                      : <>
Case Specifier                     : Maintain
Slice Utilization Ratio            : 100
BRAM Utilization Ratio             : 100
Verilog 2001                       : YES
Auto BRAM Packing                  : NO
Slice Utilization Ratio Delta      : 5

=========================================================================


=========================================================================
*                          HDL Compilation                              *
=========================================================================
Compiling vhdl file "F:/Training/Synthesis/Adders/Carry Look Ahead Adder/Cla_with_cascading/Cla_Logic.vhd" in Library work.
Architecture logic of Entity cla_block is up to date.
Compiling vhdl file "F:/Training/Synthesis/Adders/Carry Look Ahead Adder/Cla_with_cascading/Cla.vhd" in Library work.
Architecture cla of Entity cla_adder is up to date.
Compiling vhdl file "F:/Training/Synthesis/Adders/Carry Look Ahead Adder/Cla_with_cascading/Top_Module.vhd" in Library work.
Architecture logic of Entity top_mod is up to date.

=========================================================================
*                     Design Hierarchy Analysis                         *
=========================================================================
Analyzing hierarchy for entity <top_mod> in library <work> (architecture <logic>).

Analyzing hierarchy for entity <cla_adder> in library <work> (architecture <cla>).

Analyzing hierarchy for entity <cla_block> in library <work> (architecture <logic>).


=========================================================================
*                            HDL Analysis                               *
=========================================================================
Analyzing Entity <top_mod> in library <work> (Architecture <logic>).
Entity <top_mod> analyzed. Unit <top_mod> generated.

Analyzing Entity <cla_adder> in library <work> (Architecture <cla>).
Entity <cla_adder> analyzed. Unit <cla_adder> generated.

Analyzing Entity <cla_block> in library <work> (Architecture <logic>).
Entity <cla_block> analyzed. Unit <cla_block> generated.


=========================================================================
*                           HDL Synthesis                               *
=========================================================================

Performing bidirectional port resolution...

Synthesizing Unit <cla_block>.
    Related source file is "F:/Training/Synthesis/Adders/Carry Look Ahead Adder/Cla_with_cascading/Cla_Logic.vhd".
Unit <cla_block> synthesized.


Synthesizing Unit <cla_adder>.
    Related source file is "F:/Training/Synthesis/Adders/Carry Look Ahead Adder/Cla_with_cascading/Cla.vhd".
    Found 4-bit xor2 for signal <Sum>.
    Found 4-bit xor2 for signal <prop>.
Unit <cla_adder> synthesized.


Synthesizing Unit <top_mod>.
    Related source file is "F:/Training/Synthesis/Adders/Carry Look Ahead Adder/Cla_with_cascading/Top_Module.vhd".
Unit <top_mod> synthesized.


=========================================================================
HDL Synthesis Report

Macro Statistics
# Xors                                                 : 8
 4-bit xor2                                            : 8

=========================================================================

=========================================================================
*                       Advanced HDL Synthesis                          *
=========================================================================


=========================================================================
Advanced HDL Synthesis Report

Macro Statistics
# Xors                                                 : 8
 4-bit xor2                                            : 8

=========================================================================

=========================================================================
*                         Low Level Synthesis                           *
=========================================================================

Optimizing unit <top_mod> ...

Mapping all equations...
Building and optimizing final netlist ...
Found area constraint ratio of 100 (+ 5) on block top_mod, actual ratio is 1.

Final Macro Processing ...

=========================================================================
Final Register Report

Found no macro
=========================================================================

=========================================================================
*                           Partition Report                            *
=========================================================================

Partition Implementation Status
-------------------------------

  No Partitions were found in this design.

-------------------------------

=========================================================================
*                            Final Report                               *
=========================================================================
Final Results
RTL Top Level Output File Name     : top_mod.ngr
Top Level Output File Name         : top_mod
Output Format                      : NGC
Optimization Goal                  : Speed
Keep Hierarchy                     : No

Design Statistics
# IOs                              : 50

Cell Usage :
# BELS                             : 38
#      LUT3                        : 26
#      LUT4                        : 8
#      MUXF5                       : 4
# IO Buffers                       : 50
#      IBUF                        : 33
#      OBUF                        : 17
=========================================================================

Device utilization summary:
---------------------------

Selected Device : 3s200pq208-5 

 Number of Slices:                       19  out of   1920     0%  
 Number of 4 input LUTs:                 34  out of   3840     0%  
 Number of IOs:                          50
 Number of bonded IOBs:                  50  out of    141    35%  

---------------------------
Partition Resource Summary:
---------------------------

  No Partitions were found in this design.

---------------------------


=========================================================================
TIMING REPORT

NOTE: THESE TIMING NUMBERS ARE ONLY A SYNTHESIS ESTIMATE.
      FOR ACCURATE TIMING INFORMATION PLEASE REFER TO THE TRACE REPORT
      GENERATED AFTER PLACE-and-ROUTE.

Clock Information:
------------------
No clock signals found in this design

Asynchronous Control Signals Information:
----------------------------------------
No asynchronous control signals found in this design

Timing Summary:
---------------
Speed Grade: -5

   Minimum period: No path found
   Minimum input arrival time before clock: No path found
   Maximum output required time after clock: No path found
   Maximum combinational path delay: 25.212ns

Timing Detail:
--------------
All values displayed in nanoseconds (ns)

=========================================================================
Timing constraint: Default path analysis
  Total number of paths / destination ports: 553 / 17
-------------------------------------------------------------------------
Delay:               25.212ns (Levels of Logic = 18)
  Source:            X<0> (PAD)
  Destination:       Cout (PAD)

  Data Path: X<0> to Cout
                                Gate     Net
    Cell:in->out      fanout   Delay   Delay  Logical Name (Net Name)
    ----------------------------------------  ------------
     IBUF:I->O             5   0.715   1.078  X_0_IBUF (X_0_IBUF)
     LUT4:I0->O            1   0.479   0.000  Cout1411 (Cout141)
     MUXF5:I1->O           5   0.314   0.842  Cout141_f5 (Cout_bdd26)
     LUT4:I2->O            1   0.479   0.000  Cout121 (Cout12)
     MUXF5:I1->O           2   0.314   0.804  Cout12_f5 (Cout_bdd22)
     LUT3:I2->O            2   0.479   0.804  Cout111 (Cout_bdd20)
     LUT3:I2->O            2   0.479   0.804  Cout101 (Cout_bdd18)
     LUT3:I2->O            2   0.479   0.804  Cout91 (Cout_bdd16)
     LUT3:I2->O            2   0.479   0.804  Cout81 (Cout_bdd14)
     LUT3:I2->O            2   0.479   0.804  Cout71 (Cout_bdd12)
     LUT3:I2->O            2   0.479   0.804  Cout61 (Cout_bdd10)
     LUT3:I2->O            2   0.479   0.804  Cout51 (Cout_bdd8)
     LUT3:I2->O            2   0.479   0.804  Cout41 (Cout_bdd6)
     LUT3:I2->O            2   0.479   0.804  Cout31 (Cout_bdd4)
     LUT3:I2->O            2   0.479   0.804  Cout21 (Cout_bdd2)
     LUT3:I2->O            2   0.479   0.804  Cout11 (Cout_bdd0)
     LUT3:I2->O            1   0.479   0.681  Sum<15>1 (Sum_15_OBUF)
     OBUF:I->O                 4.909          Sum_15_OBUF (Sum<15>)
    ----------------------------------------
    Total                     25.212ns (12.958ns logic, 12.254ns route)
                                       (51.4% logic, 48.6% route)

=========================================================================


Total REAL time to Xst completion: 6.00 secs
Total CPU time to Xst completion: 5.84 secs
 
--> 

Total memory usage is 310072 kilobytes

Number of errors   :    0 (   0 filtered)
Number of warnings :    0 (   0 filtered)
Number of infos    :    0 (   0 filtered)

